<?xml version="1.0" encoding="UTF-8" standalone="yes"?><!DOCTYPE report PUBLIC "-//JACOCO//DTD Report 1.1//EN" "report.dtd"><report name="AccountSystemRepository"><sessioninfo id="LAPTOP-KKV9TE21-e2e5251e" start="1633803226461" dump="1633803227150"/><package name="za/ac/nwu/ac/repo/config"><class name="za/ac/nwu/ac/repo/config/RepositoryConfig" sourcefilename="RepositoryConfig.java"><method name="&lt;init&gt;" desc="()V" line="14"><counter type="INSTRUCTION" missed="3" covered="0"/><counter type="LINE" missed="1" covered="0"/><counter type="COMPLEXITY" missed="1" covered="0"/><counter type="METHOD" missed="1" covered="0"/></method><counter type="INSTRUCTION" missed="3" covered="0"/><counter type="LINE" missed="1" covered="0"/><counter type="COMPLEXITY" missed="1" covered="0"/><counter type="METHOD" missed="1" covered="0"/><counter type="CLASS" missed="1" covered="0"/></class><sourcefile name="RepositoryConfig.java"><line nr="14" mi="3" ci="0" mb="0" cb="0"/><counter type="INSTRUCTION" missed="3" covered="0"/><counter type="LINE" missed="1" covered="0"/><counter type="COMPLEXITY" missed="1" covered="0"/><counter type="METHOD" missed="1" covered="0"/><counter type="CLASS" missed="1" covered="0"/></sourcefile><counter type="INSTRUCTION" missed="3" covered="0"/><counter type="LINE" missed="1" covered="0"/><counter type="COMPLEXITY" missed="1" covered="0"/><counter type="METHOD" missed="1" covered="0"/><counter type="CLASS" missed="1" covered="0"/></package><package name="za/ac/nwu/ac/repo/persistence"><class name="za/ac/nwu/ac/repo/persistence/MembersRepository" sourcefilename="MembersRepository.java"/><class name="za/ac/nwu/ac/repo/persistence/AccountTypeRepository" sourcefilename="AccountTypeRepository.java"/><class name="za/ac/nwu/ac/repo/persistence/AccountTransactionRepository" sourcefilename="AccountTransactionRepository.java"/><sourcefile name="AccountTransactionRepository.java"/><sourcefile name="AccountTypeRepository.java"/><sourcefile name="MembersRepository.java"/></package><counter type="INSTRUCTION" missed="3" covered="0"/><counter type="LINE" missed="1" covered="0"/><counter type="COMPLEXITY" missed="1" covered="0"/><counter type="METHOD" missed="1" covered="0"/><counter type="CLASS" missed="1" covered="0"/></report>